Using pre-set license
Built from '2020.3/staging' branch; Version is '2020.3.8f1 (507919d4fff5) revision 5273881'; Using compiler version '192528614'; Build Type 'Release'
OS: 'Windows 10 Home; OS build 19042.1110; Version 2009; 64bit' Language: 'en' Physical Memory: 8032 MB
BatchMode: 1, IsHumanControllingUs: 0, StartBugReporterOnCrash: 0, Is64bit: 1, IsPro: 0

 COMMAND LINE ARGUMENTS:
C:\Program Files\Unity\Hub\Editor\2020.3.8f1\Editor\Unity.exe
-adb2
-batchMode
-noUpm
-name
AssetImportWorker0
-projectPath
D:/GitHub/AnimationTest
-logFile
Logs/AssetImportWorker0.log
-srvPort
62569
Successfully changed project path to: D:/GitHub/AnimationTest
D:/GitHub/AnimationTest
Using Asset Import Pipeline V2.
Refreshing native plugins compatible for Editor in 20.71 ms, found 0 plugins.
Preloading 0 native plugins for Editor in 0.00 ms.
Initialize engine version: 2020.3.8f1 (507919d4fff5)
[Subsystems] Discovering subsystems at path C:/Program Files/Unity/Hub/Editor/2020.3.8f1/Editor/Data/Resources/UnitySubsystems
[Subsystems] Discovering subsystems at path D:/GitHub/AnimationTest/Assets
GfxDevice: creating device client; threaded=0
Direct3D:
    Version:  Direct3D 11.0 [level 11.1]
    Renderer: NVIDIA GeForce GTX 1650 (ID=0x1f91)
    Vendor:   
    VRAM:     3962 MB
    Driver:   27.21.14.6280
Initialize mono
Mono path[0] = 'C:/Program Files/Unity/Hub/Editor/2020.3.8f1/Editor/Data/Managed'
Mono path[1] = 'C:/Program Files/Unity/Hub/Editor/2020.3.8f1/Editor/Data/MonoBleedingEdge/lib/mono/unityjit'
Mono config path = 'C:/Program Files/Unity/Hub/Editor/2020.3.8f1/Editor/Data/MonoBleedingEdge/etc'
Using monoOptions --debugger-agent=transport=dt_socket,embedding=1,server=y,suspend=n,address=127.0.0.1:56104
Begin MonoManager ReloadAssembly
Registering precompiled unity dll's ...
Register platform support module: C:/Program Files/Unity/Hub/Editor/2020.3.8f1/Editor/Data/PlaybackEngines/WindowsStandaloneSupport/UnityEditor.WindowsStandalone.Extensions.dll
Registered in 0.001851 seconds.
Native extension for WindowsStandalone target not found
Refreshing native plugins compatible for Editor in 21.45 ms, found 0 plugins.
Preloading 0 native plugins for Editor in 0.00 ms.
Mono: successfully reloaded assembly
- Completed reload, in  1.653 seconds
Platform modules already initialized, skipping
Registering precompiled user dll's ...
Registered in 0.000756 seconds.
Begin MonoManager ReloadAssembly
Native extension for WindowsStandalone target not found
Refreshing native plugins compatible for Editor in 0.18 ms, found 0 plugins.
Preloading 0 native plugins for Editor in 0.00 ms.
Mono: successfully reloaded assembly
- Completed reload, in  0.730 seconds
Platform modules already initialized, skipping
========================================================================
Worker process is ready to serve import requests
Launched and connected shader compiler UnityShaderCompiler.exe after 0.05 seconds
Refreshing native plugins compatible for Editor in 0.28 ms, found 0 plugins.
Preloading 0 native plugins for Editor in 0.00 ms.
Unloading 1115 Unused Serialized files (Serialized files now loaded: 0)
System memory in use before: 57.1 MB.
System memory in use after: 57.2 MB.

Unloading 10 unused Assets to reduce memory usage. Loaded Objects now: 1558.
Total: 1.437800 ms (FindLiveObjects: 0.101700 ms CreateObjectMapping: 0.026800 ms MarkObjects: 1.250900 ms  DeleteObjects: 0.057800 ms)

========================================================================
Received Import Request.
  path: Assets/Animations/ARFadeController 1.controller
  artifactKey: Guid(04af335ceb5b83543b95d25da98aeae9) Importer(815301076,1909f56bfc062723c751e8b465ee728b)
Start importing Assets/Animations/ARFadeController 1.controller using Guid(04af335ceb5b83543b95d25da98aeae9) Importer(815301076,1909f56bfc062723c751e8b465ee728b)  -> (artifact id: '0dc31e9ff7417106f4d623fcdff90dac') in 0.037829 seconds
  Import took 0.039798 seconds .

========================================================================
Received Import Request.
  Time since last request: 19.726654 seconds.
  path: Assets/Animations/EUFadeController.controller
  artifactKey: Guid(04af335ceb5b83543b95d25da98aeae9) Importer(815301076,1909f56bfc062723c751e8b465ee728b)
Start importing Assets/Animations/EUFadeController.controller using Guid(04af335ceb5b83543b95d25da98aeae9) Importer(815301076,1909f56bfc062723c751e8b465ee728b)  -> (artifact id: '5e3ebb5944756ce0b258e07dd3c62270') in 0.007902 seconds
  Import took 0.011725 seconds .

========================================================================
Received Import Request.
  Time since last request: 159.994175 seconds.
  path: Assets/Animations/EUFadeController.controller
  artifactKey: Guid(04af335ceb5b83543b95d25da98aeae9) Importer(815301076,1909f56bfc062723c751e8b465ee728b)
Start importing Assets/Animations/EUFadeController.controller using Guid(04af335ceb5b83543b95d25da98aeae9) Importer(815301076,1909f56bfc062723c751e8b465ee728b)  -> (artifact id: '0244862a4b77033f91c5e8756de906e2') in 0.002480 seconds
  Import took 0.022462 seconds .

========================================================================
Received Prepare
Registering precompiled user dll's ...
Registered in 0.000449 seconds.
Begin MonoManager ReloadAssembly
Native extension for WindowsStandalone target not found
Refreshing native plugins compatible for Editor in 0.21 ms, found 0 plugins.
Preloading 0 native plugins for Editor in 0.00 ms.
Mono: successfully reloaded assembly
- Completed reload, in  0.670 seconds
Platform modules already initialized, skipping
Refreshing native plugins compatible for Editor in 0.21 ms, found 0 plugins.
Preloading 0 native plugins for Editor in 0.00 ms.
Unloading 1110 Unused Serialized files (Serialized files now loaded: 0)
System memory in use before: 57.1 MB.
System memory in use after: 57.1 MB.

Unloading 5 unused Assets to reduce memory usage. Loaded Objects now: 1561.
Total: 1.613300 ms (FindLiveObjects: 0.132800 ms CreateObjectMapping: 0.029800 ms MarkObjects: 1.401100 ms  DeleteObjects: 0.048700 ms)

========================================================================
Received Prepare
Registering precompiled user dll's ...
Registered in 0.000496 seconds.
Begin MonoManager ReloadAssembly
Native extension for WindowsStandalone target not found
Refreshing native plugins compatible for Editor in 0.18 ms, found 0 plugins.
Preloading 0 native plugins for Editor in 0.00 ms.
Mono: successfully reloaded assembly
- Completed reload, in  0.677 seconds
Platform modules already initialized, skipping
Refreshing native plugins compatible for Editor in 0.19 ms, found 0 plugins.
Preloading 0 native plugins for Editor in 0.00 ms.
Unloading 1110 Unused Serialized files (Serialized files now loaded: 0)
System memory in use before: 57.1 MB.
System memory in use after: 57.2 MB.

Unloading 5 unused Assets to reduce memory usage. Loaded Objects now: 1564.
Total: 1.408400 ms (FindLiveObjects: 0.104300 ms CreateObjectMapping: 0.028200 ms MarkObjects: 1.236500 ms  DeleteObjects: 0.038600 ms)

========================================================================
Received Import Request.
  Time since last request: 1215.221933 seconds.
  path: Assets/Animations/EUFadeController.controller
  artifactKey: Guid(04af335ceb5b83543b95d25da98aeae9) Importer(815301076,1909f56bfc062723c751e8b465ee728b)
Start importing Assets/Animations/EUFadeController.controller using Guid(04af335ceb5b83543b95d25da98aeae9) Importer(815301076,1909f56bfc062723c751e8b465ee728b)  -> (artifact id: '6e34aac3156a349517e2364e96fb8028') in 0.018666 seconds
  Import took 0.039983 seconds .

========================================================================
Received Import Request.
  Time since last request: 242.054471 seconds.
  path: Assets/Animations/EUFadeController.controller
  artifactKey: Guid(04af335ceb5b83543b95d25da98aeae9) Importer(815301076,1909f56bfc062723c751e8b465ee728b)
Start importing Assets/Animations/EUFadeController.controller using Guid(04af335ceb5b83543b95d25da98aeae9) Importer(815301076,1909f56bfc062723c751e8b465ee728b)  -> (artifact id: '8da8a1c36db1c2c995157670bd8e4d2d') in 0.003492 seconds
  Import took 0.030233 seconds .

========================================================================
Received Prepare
Registering precompiled user dll's ...
Registered in 0.000408 seconds.
Begin MonoManager ReloadAssembly
Native extension for WindowsStandalone target not found
Refreshing native plugins compatible for Editor in 0.19 ms, found 0 plugins.
Preloading 0 native plugins for Editor in 0.00 ms.
Mono: successfully reloaded assembly
- Completed reload, in  0.709 seconds
Platform modules already initialized, skipping
Refreshing native plugins compatible for Editor in 0.22 ms, found 0 plugins.
Preloading 0 native plugins for Editor in 0.00 ms.
Unloading 1110 Unused Serialized files (Serialized files now loaded: 0)
System memory in use before: 57.1 MB.
System memory in use after: 57.2 MB.

Unloading 5 unused Assets to reduce memory usage. Loaded Objects now: 1567.
Total: 1.629300 ms (FindLiveObjects: 0.116500 ms CreateObjectMapping: 0.028100 ms MarkObjects: 1.445400 ms  DeleteObjects: 0.038600 ms)

========================================================================
Received Prepare
Registering precompiled user dll's ...
Registered in 0.000427 seconds.
Begin MonoManager ReloadAssembly
Native extension for WindowsStandalone target not found
Refreshing native plugins compatible for Editor in 0.19 ms, found 0 plugins.
Preloading 0 native plugins for Editor in 0.00 ms.
Mono: successfully reloaded assembly
- Completed reload, in  0.692 seconds
Platform modules already initialized, skipping
Refreshing native plugins compatible for Editor in 0.18 ms, found 0 plugins.
Preloading 0 native plugins for Editor in 0.00 ms.
Unloading 1110 Unused Serialized files (Serialized files now loaded: 0)
System memory in use before: 57.1 MB.
System memory in use after: 57.2 MB.

Unloading 5 unused Assets to reduce memory usage. Loaded Objects now: 1570.
Total: 1.793400 ms (FindLiveObjects: 0.105800 ms CreateObjectMapping: 0.027100 ms MarkObjects: 1.584800 ms  DeleteObjects: 0.075100 ms)

AssetImportWorkerClient::OnTransportError - code=2 error=End of file
